<?xml version="1.0" encoding="UTF-8"?>
<testng-results ignored="0" total="1" passed="1" failed="0" skipped="0">
  <reporter-output>
  </reporter-output>
  <suite started-at="2022-11-25T12:20:19 IST" name="Default suite" finished-at="2022-11-25T12:20:34 IST" duration-ms="15247">
    <groups>
    </groups>
    <test started-at="2022-11-25T12:20:19 IST" name="Default test" finished-at="2022-11-25T12:20:34 IST" duration-ms="15247">
      <class name="Script.TC1">
        <test-method is-config="true" signature="openApp()[pri:0, instance:Script.TC1@3059cbc]" started-at="2022-11-25T12:20:19 IST" name="openApp" finished-at="2022-11-25T12:20:28 IST" duration-ms="9222" status="PASS">
          <reporter-output>
          </reporter-output>
        </test-method> <!-- openApp -->
        <test-method signature="tc1()[pri:0, instance:Script.TC1@3059cbc]" started-at="2022-11-25T12:20:28 IST" name="tc1" finished-at="2022-11-25T12:20:33 IST" duration-ms="5579" status="PASS">
          <reporter-output>
          </reporter-output>
        </test-method> <!-- tc1 -->
        <test-method is-config="true" signature="closeApp(org.testng.ITestResult)[pri:0, instance:Script.TC1@3059cbc]" started-at="2022-11-25T12:20:33 IST" name="closeApp" finished-at="2022-11-25T12:20:34 IST" duration-ms="386" status="PASS">
          <params>
            <param index="0">
              <value>
                <![CDATA[[TestResult name=tc1 status=SUCCESS method=TC1.tc1()[pri:0, instance:Script.TC1@3059cbc] output={null}]]]>
              </value>
            </param>
          </params>
          <reporter-output>
          </reporter-output>
        </test-method> <!-- closeApp -->
      </class> <!-- Script.TC1 -->
    </test> <!-- Default test -->
  </suite> <!-- Default suite -->
</testng-results>
